# JRE version: OpenJDK Runtime Environment (11.0.10) (build 11.0.10+0-b96-7249189)
# Java VM: OpenJDK 64-Bit Server VM (11.0.10+0-b96-7249189, mixed mode, tiered, compressed oops, g1 gc, windows-amd64)
Heap:
 garbage-first heap   total 308224K, used 216294K [0x0000000080000000, 0x0000000100000000)
  region size 1024K, 34 young (34816K), 2 survivors (2048K)
 Metaspace       used 127596K, capacity 131202K, committed 131560K, reserved 1163264K
  class space    used 16216K, capacity 17627K, committed 17792K, reserved 1048576K
GC Heap History (20 events):
Event: 392.517 GC heap before
{Heap before GC invocations=36 (full 0):
 garbage-first heap   total 230400K, used 182746K [0x0000000080000000, 0x0000000100000000)
  region size 1024K, 41 young (41984K), 2 survivors (2048K)
 Metaspace       used 127301K, capacity 130996K, committed 131304K, reserved 1163264K
  class space    used 16257K, capacity 17681K, committed 17792K, reserved 1048576K
}
Event: 392.528 GC heap after
{Heap after GC invocations=37 (full 0):
 garbage-first heap   total 230400K, used 162423K [0x0000000080000000, 0x0000000100000000)
  region size 1024K, 6 young (6144K), 6 survivors (6144K)
 Metaspace       used 127301K, capacity 130996K, committed 131304K, reserved 1163264K
  class space    used 16257K, capacity 17681K, committed 17792K, reserved 1048576K
}
Event: 392.586 GC heap before
{Heap before GC invocations=37 (full 0):
 garbage-first heap   total 230400K, used 185975K [0x0000000080000000, 0x0000000100000000)
  region size 1024K, 29 young (29696K), 6 survivors (6144K)
 Metaspace       used 127311K, capacity 131093K, committed 131304K, reserved 1163264K
  class space    used 16258K, capacity 17713K, committed 17792K, reserved 1048576K
}
Event: 392.595 GC heap after
{Heap after GC invocations=38 (full 0):
 garbage-first heap   total 230400K, used 175629K [0x0000000080000000, 0x0000000100000000)
  region size 1024K, 4 young (4096K), 4 survivors (4096K)
 Metaspace       used 127311K, capacity 131093K, committed 131304K, reserved 1163264K
  class space    used 16258K, capacity 17713K, committed 17792K, reserved 1048576K
}
Event: 392.695 GC heap before
{Heap before GC invocations=38 (full 0):
 garbage-first heap   total 230400K, used 190989K [0x0000000080000000, 0x0000000100000000)
  region size 1024K, 19 young (19456K), 4 survivors (4096K)
 Metaspace       used 127448K, capacity 131198K, committed 131304K, reserved 1163264K
  class space    used 16266K, capacity 17720K, committed 17792K, reserved 1048576K
}
Event: 392.702 GC heap after
{Heap after GC invocations=39 (full 0):
 garbage-first heap   total 230400K, used 181782K [0x0000000080000000, 0x0000000100000000)
  region size 1024K, 3 young (3072K), 3 survivors (3072K)
 Metaspace       used 127448K, capacity 131198K, committed 131304K, reserved 1163264K
  class space    used 16266K, capacity 17720K, committed 17792K, reserved 1048576K
}
Event: 392.793 GC heap before
{Heap before GC invocations=40 (full 0):
 garbage-first heap   total 230400K, used 194070K [0x0000000080000000, 0x0000000100000000)
  region size 1024K, 15 young (15360K), 3 survivors (3072K)
 Metaspace       used 127493K, capacity 131213K, committed 131304K, reserved 1163264K
  class space    used 16266K, capacity 17720K, committed 17792K, reserved 1048576K
}
Event: 392.797 GC heap after
{Heap after GC invocations=41 (full 0):
 garbage-first heap   total 230400K, used 184741K [0x0000000080000000, 0x0000000100000000)
  region size 1024K, 2 young (2048K), 2 survivors (2048K)
 Metaspace       used 127493K, capacity 131213K, committed 131304K, reserved 1163264K
  class space    used 16266K, capacity 17720K, committed 17792K, reserved 1048576K
}
Event: 392.859 GC heap before
{Heap before GC invocations=41 (full 0):
 garbage-first heap   total 230400K, used 193957K [0x0000000080000000, 0x0000000100000000)
  region size 1024K, 11 young (11264K), 2 survivors (2048K)
 Metaspace       used 127579K, capacity 131291K, committed 131560K, reserved 1163264K
  class space    used 16267K, capacity 17720K, committed 17792K, reserved 1048576K
}
Event: 392.863 GC heap after
{Heap after GC invocations=42 (full 0):
 garbage-first heap   total 230400K, used 184571K [0x0000000080000000, 0x0000000100000000)
  region size 1024K, 2 young (2048K), 2 survivors (2048K)
 Metaspace       used 127579K, capacity 131291K, committed 131560K, reserved 1163264K
  class space    used 16267K, capacity 17720K, committed 17792K, reserved 1048576K
}
Event: 392.920 GC heap before
{Heap before GC invocations=42 (full 0):
 garbage-first heap   total 230400K, used 190715K [0x0000000080000000, 0x0000000100000000)
  region size 1024K, 9 young (9216K), 2 survivors (2048K)
 Metaspace       used 127591K, capacity 131292K, committed 131560K, reserved 1163264K
  class space    used 16267K, capacity 17720K, committed 17792K, reserved 1048576K
}
Event: 392.924 GC heap after
{Heap after GC invocations=43 (full 0):
 garbage-first heap   total 230400K, used 185843K [0x0000000080000000, 0x0000000100000000)
  region size 1024K, 2 young (2048K), 2 survivors (2048K)
 Metaspace       used 127591K, capacity 131292K, committed 131560K, reserved 1163264K
  class space    used 16267K, capacity 17720K, committed 17792K, reserved 1048576K
}
Event: 393.033 GC heap before
{Heap before GC invocations=43 (full 0):
 garbage-first heap   total 230400K, used 194035K [0x0000000080000000, 0x0000000100000000)
  region size 1024K, 13 young (13312K), 2 survivors (2048K)
 Metaspace       used 127444K, capacity 131107K, committed 131560K, reserved 1163264K
  class space    used 16213K, capacity 17622K, committed 17792K, reserved 1048576K
}
Event: 393.038 GC heap after
{Heap after GC invocations=44 (full 0):
 garbage-first heap   total 230400K, used 183746K [0x0000000080000000, 0x0000000100000000)
  region size 1024K, 2 young (2048K), 2 survivors (2048K)
 Metaspace       used 127444K, capacity 131107K, committed 131560K, reserved 1163264K
  class space    used 16213K, capacity 17622K, committed 17792K, reserved 1048576K
}
Event: 393.194 GC heap before
{Heap before GC invocations=45 (full 0):
 garbage-first heap   total 230400K, used 196034K [0x0000000080000000, 0x0000000100000000)
  region size 1024K, 14 young (14336K), 2 survivors (2048K)
 Metaspace       used 127518K, capacity 131116K, committed 131560K, reserved 1163264K
  class space    used 16213K, capacity 17622K, committed 17792K, reserved 1048576K
}
Event: 393.200 GC heap after
{Heap after GC invocations=46 (full 0):
 garbage-first heap   total 230400K, used 186228K [0x0000000080000000, 0x0000000100000000)
  region size 1024K, 2 young (2048K), 2 survivors (2048K)
 Metaspace       used 127518K, capacity 131116K, committed 131560K, reserved 1163264K
  class space    used 16213K, capacity 17622K, committed 17792K, reserved 1048576K
}
Event: 393.348 GC heap before
{Heap before GC invocations=46 (full 0):
 garbage-first heap   total 230400K, used 195444K [0x0000000080000000, 0x0000000100000000)
  region size 1024K, 11 young (11264K), 2 survivors (2048K)
 Metaspace       used 127557K, capacity 131199K, committed 131560K, reserved 1163264K
  class space    used 16216K, capacity 17627K, committed 17792K, reserved 1048576K
}
Event: 393.356 GC heap after
{Heap after GC invocations=47 (full 0):
 garbage-first heap   total 230400K, used 179488K [0x0000000080000000, 0x0000000100000000)
  region size 1024K, 2 young (2048K), 2 survivors (2048K)
 Metaspace       used 127557K, capacity 131199K, committed 131560K, reserved 1163264K
  class space    used 16216K, capacity 17627K, committed 17792K, reserved 1048576K
}
Event: 393.408 GC heap before
{Heap before GC invocations=47 (full 0):
 garbage-first heap   total 230400K, used 192800K [0x0000000080000000, 0x0000000100000000)
  region size 1024K, 16 young (16384K), 2 survivors (2048K)
 Metaspace       used 127571K, capacity 131199K, committed 131560K, reserved 1163264K
  class space    used 16216K, capacity 17627K, committed 17792K, reserved 1048576K
}
Event: 393.413 GC heap after
{Heap after GC invocations=48 (full 0):
 garbage-first heap   total 308224K, used 182502K [0x0000000080000000, 0x0000000100000000)
  region size 1024K, 2 young (2048K), 2 survivors (2048K)
 Metaspace       used 127571K, capacity 131199K, committed 131560K, reserved 1163264K
  class space    used 16216K, capacity 17627K, committed 17792K, reserved 1048576K
}

