# JRE version: OpenJDK Runtime Environment (11.0.10) (build 11.0.10+0-b96-7249189)
# Java VM: OpenJDK 64-Bit Server VM (11.0.10+0-b96-7249189, mixed mode, tiered, compressed oops, g1 gc, windows-amd64)
Heap:
 garbage-first heap   total 406528K, used 126971K [0x0000000080000000, 0x0000000100000000)
  region size 1024K, 8 young (8192K), 3 survivors (3072K)
 Metaspace       used 113034K, capacity 116127K, committed 116404K, reserved 1150976K
  class space    used 14478K, capacity 15642K, committed 15768K, reserved 1048576K
GC Heap History (20 events):
Event: 8.812 GC heap before
{Heap before GC invocations=30 (full 0):
 garbage-first heap   total 328704K, used 241194K [0x0000000080000000, 0x0000000100000000)
  region size 1024K, 71 young (72704K), 3 survivors (3072K)
 Metaspace       used 104370K, capacity 106956K, committed 108212K, reserved 1142784K
  class space    used 13543K, capacity 14521K, committed 15000K, reserved 1048576K
}
Event: 8.818 GC heap after
{Heap after GC invocations=31 (full 0):
 garbage-first heap   total 328704K, used 183433K [0x0000000080000000, 0x0000000100000000)
  region size 1024K, 9 young (9216K), 9 survivors (9216K)
 Metaspace       used 104370K, capacity 106956K, committed 108212K, reserved 1142784K
  class space    used 13543K, capacity 14521K, committed 15000K, reserved 1048576K
}
Event: 8.824 GC heap before
{Heap before GC invocations=31 (full 0):
 garbage-first heap   total 328704K, used 190601K [0x0000000080000000, 0x0000000100000000)
  region size 1024K, 16 young (16384K), 9 survivors (9216K)
 Metaspace       used 104370K, capacity 106956K, committed 108212K, reserved 1142784K
  class space    used 13543K, capacity 14521K, committed 15000K, reserved 1048576K
}
Event: 8.829 GC heap after
{Heap after GC invocations=32 (full 0):
 garbage-first heap   total 328704K, used 183362K [0x0000000080000000, 0x0000000100000000)
  region size 1024K, 2 young (2048K), 2 survivors (2048K)
 Metaspace       used 104370K, capacity 106956K, committed 108212K, reserved 1142784K
  class space    used 13543K, capacity 14521K, committed 15000K, reserved 1048576K
}
Event: 8.868 GC heap before
{Heap before GC invocations=32 (full 0):
 garbage-first heap   total 328704K, used 186434K [0x0000000080000000, 0x0000000100000000)
  region size 1024K, 6 young (6144K), 2 survivors (2048K)
 Metaspace       used 104437K, capacity 107046K, committed 108212K, reserved 1142784K
  class space    used 13543K, capacity 14521K, committed 15000K, reserved 1048576K
}
Event: 8.871 GC heap after
{Heap after GC invocations=33 (full 0):
 garbage-first heap   total 328704K, used 183744K [0x0000000080000000, 0x0000000100000000)
  region size 1024K, 2 young (2048K), 2 survivors (2048K)
 Metaspace       used 104437K, capacity 107046K, committed 108212K, reserved 1142784K
  class space    used 13543K, capacity 14521K, committed 15000K, reserved 1048576K
}
Event: 9.343 GC heap before
{Heap before GC invocations=34 (full 0):
 garbage-first heap   total 328704K, used 248256K [0x0000000080000000, 0x0000000100000000)
  region size 1024K, 61 young (62464K), 2 survivors (2048K)
 Metaspace       used 105801K, capacity 108456K, committed 109492K, reserved 1144832K
  class space    used 13679K, capacity 14721K, committed 15256K, reserved 1048576K
}
Event: 9.346 GC heap after
{Heap after GC invocations=35 (full 0):
 garbage-first heap   total 328704K, used 182720K [0x0000000080000000, 0x0000000100000000)
  region size 1024K, 3 young (3072K), 3 survivors (3072K)
 Metaspace       used 105801K, capacity 108456K, committed 109492K, reserved 1144832K
  class space    used 13679K, capacity 14721K, committed 15256K, reserved 1048576K
}
Event: 9.604 GC heap before
{Heap before GC invocations=35 (full 0):
 garbage-first heap   total 328704K, used 216512K [0x0000000080000000, 0x0000000100000000)
  region size 1024K, 16 young (16384K), 3 survivors (3072K)
 Metaspace       used 107233K, capacity 110108K, committed 110900K, reserved 1144832K
  class space    used 13876K, capacity 14945K, committed 15384K, reserved 1048576K
}
Event: 9.609 GC heap after
{Heap after GC invocations=36 (full 0):
 garbage-first heap   total 328704K, used 175579K [0x0000000080000000, 0x0000000100000000)
  region size 1024K, 1 young (1024K), 1 survivors (1024K)
 Metaspace       used 107233K, capacity 110108K, committed 110900K, reserved 1144832K
  class space    used 13876K, capacity 14945K, committed 15384K, reserved 1048576K
}
Event: 755.208 GC heap before
{Heap before GC invocations=36 (full 0):
 garbage-first heap   total 328704K, used 244187K [0x0000000080000000, 0x0000000100000000)
  region size 1024K, 69 young (70656K), 1 survivors (1024K)
 Metaspace       used 108625K, capacity 111400K, committed 111924K, reserved 1146880K
  class space    used 13941K, capacity 15009K, committed 15384K, reserved 1048576K
}
Event: 755.219 GC heap after
{Heap after GC invocations=37 (full 0):
 garbage-first heap   total 406528K, used 181122K [0x0000000080000000, 0x0000000100000000)
  region size 1024K, 7 young (7168K), 7 survivors (7168K)
 Metaspace       used 108625K, capacity 111400K, committed 111924K, reserved 1146880K
  class space    used 13941K, capacity 15009K, committed 15384K, reserved 1048576K
}
Event: 832.914 GC heap before
{Heap before GC invocations=38 (full 0):
 garbage-first heap   total 406528K, used 267138K [0x0000000080000000, 0x0000000100000000)
  region size 1024K, 112 young (114688K), 7 survivors (7168K)
 Metaspace       used 112490K, capacity 115595K, committed 115892K, reserved 1148928K
  class space    used 14452K, capacity 15626K, committed 15768K, reserved 1048576K
}
Event: 832.918 GC heap after
{Heap after GC invocations=39 (full 0):
 garbage-first heap   total 406528K, used 156071K [0x0000000080000000, 0x0000000100000000)
  region size 1024K, 9 young (9216K), 9 survivors (9216K)
 Metaspace       used 112490K, capacity 115595K, committed 115892K, reserved 1148928K
  class space    used 14452K, capacity 15626K, committed 15768K, reserved 1048576K
}
Event: 832.981 GC heap before
{Heap before GC invocations=39 (full 0):
 garbage-first heap   total 406528K, used 166311K [0x0000000080000000, 0x0000000100000000)
  region size 1024K, 19 young (19456K), 9 survivors (9216K)
 Metaspace       used 112523K, capacity 115668K, committed 115892K, reserved 1148928K
  class space    used 14455K, capacity 15629K, committed 15768K, reserved 1048576K
}
Event: 832.986 GC heap after
{Heap after GC invocations=40 (full 0):
 garbage-first heap   total 406528K, used 116995K [0x0000000080000000, 0x0000000100000000)
  region size 1024K, 2 young (2048K), 2 survivors (2048K)
 Metaspace       used 112523K, capacity 115668K, committed 115892K, reserved 1148928K
  class space    used 14455K, capacity 15629K, committed 15768K, reserved 1048576K
}
Event: 844.762 GC heap before
{Heap before GC invocations=40 (full 0):
 garbage-first heap   total 406528K, used 133379K [0x0000000080000000, 0x0000000100000000)
  region size 1024K, 19 young (19456K), 2 survivors (2048K)
 Metaspace       used 112822K, capacity 115979K, committed 116148K, reserved 1150976K
  class space    used 14502K, capacity 15685K, committed 15768K, reserved 1048576K
}
Event: 844.764 GC heap after
{Heap after GC invocations=41 (full 0):
 garbage-first heap   total 406528K, used 115413K [0x0000000080000000, 0x0000000100000000)
  region size 1024K, 3 young (3072K), 3 survivors (3072K)
 Metaspace       used 112822K, capacity 115979K, committed 116148K, reserved 1150976K
  class space    used 14502K, capacity 15685K, committed 15768K, reserved 1048576K
}
Event: 844.885 GC heap before
{Heap before GC invocations=41 (full 0):
 garbage-first heap   total 406528K, used 138965K [0x0000000080000000, 0x0000000100000000)
  region size 1024K, 28 young (28672K), 3 survivors (3072K)
 Metaspace       used 113076K, capacity 116190K, committed 116404K, reserved 1150976K
  class space    used 14503K, capacity 15687K, committed 15768K, reserved 1048576K
}
Event: 844.887 GC heap after
{Heap after GC invocations=42 (full 0):
 garbage-first heap   total 406528K, used 115707K [0x0000000080000000, 0x0000000100000000)
  region size 1024K, 3 young (3072K), 3 survivors (3072K)
 Metaspace       used 113076K, capacity 116190K, committed 116404K, reserved 1150976K
  class space    used 14503K, capacity 15687K, committed 15768K, reserved 1048576K
}

